#-----------------------------------------------------------
# Vivado v2018.3 (64-bit)
# SW Build 2405991 on Thu Dec  6 23:38:27 MST 2018
# IP Build 2404404 on Fri Dec  7 01:43:56 MST 2018
# Start of session at: Mon Jul 22 18:21:28 2019
# Process ID: 18264
# Current directory: C:/Users/KANG Jian/Desktop/color_filter_testing/ips/managed_ip_project
# Command line: vivado.exe -gui_launcher_event rodinguilauncherevent20028 C:\Users\KANG Jian\Desktop\color_filter_testing\ips\managed_ip_project\managed_ip_project.xpr
# Log file: C:/Users/KANG Jian/Desktop/color_filter_testing/ips/managed_ip_project/vivado.log
# Journal file: C:/Users/KANG Jian/Desktop/color_filter_testing/ips/managed_ip_project\vivado.jou
#-----------------------------------------------------------
start_gui
open_project {C:/Users/KANG Jian/Desktop/color_filter_testing/ips/managed_ip_project/managed_ip_project.xpr}
Scanning sources...
Finished scanning sources
INFO: [IP_Flow 19-234] Refreshing IP repositories
INFO: [IP_Flow 19-1704] No user IP repositories specified
INFO: [IP_Flow 19-2313] Loaded Vivado IP repository 'F:/xilinx2018.3/Vivado/2018.3/data/ip'.
open_project: Time (s): cpu = 00:00:12 ; elapsed = 00:00:07 . Memory (MB): peak = 712.176 ; gain = 79.000
set_property -dict [list CONFIG.CLKOUT2_USED {false} CONFIG.CLKOUT1_REQUESTED_OUT_FREQ {10.000} CONFIG.MMCM_DIVCLK_DIVIDE {1} CONFIG.MMCM_CLKOUT1_DIVIDE {1} CONFIG.NUM_OUT_CLKS {1}] [get_ips glb_clk_src]
generate_target all [get_files  {{C:/Users/KANG Jian/Desktop/color_filter_testing/ips/glb_clk_src/glb_clk_src.xci}}]
INFO: [IP_Flow 19-1686] Generating 'Instantiation Template' target for IP 'glb_clk_src'...
INFO: [IP_Flow 19-1686] Generating 'Synthesis' target for IP 'glb_clk_src'...
INFO: [IP_Flow 19-1686] Generating 'Simulation' target for IP 'glb_clk_src'...
INFO: [IP_Flow 19-1686] Generating 'Implementation' target for IP 'glb_clk_src'...
WARNING: [Board 49-26] cannot add Board Part digilentinc.com:arty-s7-25:part0:1.0 available at F:/xilinx2018.3/Vivado/2018.3/data/boards/board_files/arty-s7-25/E.0/board.xml as part xc7s25csga324-1 specified in board_part file is either invalid or not available
WARNING: [Board 49-26] cannot add Board Part digilentinc.com:arty-s7-50:part0:1.0 available at F:/xilinx2018.3/Vivado/2018.3/data/boards/board_files/arty-s7-50/B.0/board.xml as part xc7s50csga324-1 specified in board_part file is either invalid or not available
WARNING: [Board 49-26] cannot add Board Part digilentinc.com:arty-z7-10:part0:1.0 available at F:/xilinx2018.3/Vivado/2018.3/data/boards/board_files/arty-z7-10/A.0/board.xml as part xc7z010clg400-1 specified in board_part file is either invalid or not available
WARNING: [Board 49-26] cannot add Board Part digilentinc.com:arty-z7-20:part0:1.0 available at F:/xilinx2018.3/Vivado/2018.3/data/boards/board_files/arty-z7-20/A.0/board.xml as part xc7z020clg400-1 specified in board_part file is either invalid or not available
WARNING: [Board 49-26] cannot add Board Part digilentinc.com:cmod-s7-25:part0:1.0 available at F:/xilinx2018.3/Vivado/2018.3/data/boards/board_files/cmod-s7-25/B.0/board.xml as part xc7s25csga225-1 specified in board_part file is either invalid or not available
WARNING: [Board 49-26] cannot add Board Part digilentinc.com:cora-z7-07s:part0:1.0 available at F:/xilinx2018.3/Vivado/2018.3/data/boards/board_files/cora-z7-07s/B.0/board.xml as part xc7z007sclg400-1 specified in board_part file is either invalid or not available
WARNING: [Board 49-26] cannot add Board Part digilentinc.com:cora-z7-10:part0:1.0 available at F:/xilinx2018.3/Vivado/2018.3/data/boards/board_files/cora-z7-10/B.0/board.xml as part xc7z010clg400-1 specified in board_part file is either invalid or not available
WARNING: [Board 49-26] cannot add Board Part digilentinc.com:genesys2:part0:1.1 available at F:/xilinx2018.3/Vivado/2018.3/data/boards/board_files/genesys2/H/board.xml as part xc7k325tffg900-2 specified in board_part file is either invalid or not available
WARNING: [Board 49-26] cannot add Board Part digilentinc.com:sword:part0:1.0 available at F:/xilinx2018.3/Vivado/2018.3/data/boards/board_files/sword/C.0/board.xml as part xc7k325tffg900-2 specified in board_part file is either invalid or not available
WARNING: [Board 49-26] cannot add Board Part digilentinc.com:zedboard:part0:1.0 available at F:/xilinx2018.3/Vivado/2018.3/data/boards/board_files/zedboard/1.3/board.xml as part xc7z020clg484-1 specified in board_part file is either invalid or not available
WARNING: [Board 49-26] cannot add Board Part digilentinc.com:zybo-z7-10:part0:1.0 available at F:/xilinx2018.3/Vivado/2018.3/data/boards/board_files/zybo-z7-10/A.0/board.xml as part xc7z010clg400-1 specified in board_part file is either invalid or not available
WARNING: [Board 49-26] cannot add Board Part digilentinc.com:zybo-z7-20:part0:1.0 available at F:/xilinx2018.3/Vivado/2018.3/data/boards/board_files/zybo-z7-20/A.0/board.xml as part xc7z020clg400-1 specified in board_part file is either invalid or not available
WARNING: [Board 49-26] cannot add Board Part digilentinc.com:zybo:part0:1.0 available at F:/xilinx2018.3/Vivado/2018.3/data/boards/board_files/zybo/B.3/board.xml as part xc7z010clg400-1 specified in board_part file is either invalid or not available
WARNING: [Board 49-26] cannot add Board Part digilentinc.com:arty-s7-25:part0:1.0 available at F:/xilinx2018.3/Vivado/2018.3/data/boards/board_files/arty-s7-25/E.0/board.xml as part xc7s25csga324-1 specified in board_part file is either invalid or not available
WARNING: [Board 49-26] cannot add Board Part digilentinc.com:arty-s7-50:part0:1.0 available at F:/xilinx2018.3/Vivado/2018.3/data/boards/board_files/arty-s7-50/B.0/board.xml as part xc7s50csga324-1 specified in board_part file is either invalid or not available
WARNING: [Board 49-26] cannot add Board Part digilentinc.com:arty-z7-10:part0:1.0 available at F:/xilinx2018.3/Vivado/2018.3/data/boards/board_files/arty-z7-10/A.0/board.xml as part xc7z010clg400-1 specified in board_part file is either invalid or not available
WARNING: [Board 49-26] cannot add Board Part digilentinc.com:arty-z7-20:part0:1.0 available at F:/xilinx2018.3/Vivado/2018.3/data/boards/board_files/arty-z7-20/A.0/board.xml as part xc7z020clg400-1 specified in board_part file is either invalid or not available
WARNING: [Board 49-26] cannot add Board Part digilentinc.com:cmod-s7-25:part0:1.0 available at F:/xilinx2018.3/Vivado/2018.3/data/boards/board_files/cmod-s7-25/B.0/board.xml as part xc7s25csga225-1 specified in board_part file is either invalid or not available
WARNING: [Board 49-26] cannot add Board Part digilentinc.com:cora-z7-07s:part0:1.0 available at F:/xilinx2018.3/Vivado/2018.3/data/boards/board_files/cora-z7-07s/B.0/board.xml as part xc7z007sclg400-1 specified in board_part file is either invalid or not available
WARNING: [Board 49-26] cannot add Board Part digilentinc.com:cora-z7-10:part0:1.0 available at F:/xilinx2018.3/Vivado/2018.3/data/boards/board_files/cora-z7-10/B.0/board.xml as part xc7z010clg400-1 specified in board_part file is either invalid or not available
WARNING: [Board 49-26] cannot add Board Part digilentinc.com:genesys2:part0:1.1 available at F:/xilinx2018.3/Vivado/2018.3/data/boards/board_files/genesys2/H/board.xml as part xc7k325tffg900-2 specified in board_part file is either invalid or not available
WARNING: [Board 49-26] cannot add Board Part digilentinc.com:sword:part0:1.0 available at F:/xilinx2018.3/Vivado/2018.3/data/boards/board_files/sword/C.0/board.xml as part xc7k325tffg900-2 specified in board_part file is either invalid or not available
WARNING: [Board 49-26] cannot add Board Part digilentinc.com:zedboard:part0:1.0 available at F:/xilinx2018.3/Vivado/2018.3/data/boards/board_files/zedboard/1.3/board.xml as part xc7z020clg484-1 specified in board_part file is either invalid or not available
WARNING: [Board 49-26] cannot add Board Part digilentinc.com:zybo-z7-10:part0:1.0 available at F:/xilinx2018.3/Vivado/2018.3/data/boards/board_files/zybo-z7-10/A.0/board.xml as part xc7z010clg400-1 specified in board_part file is either invalid or not available
WARNING: [Board 49-26] cannot add Board Part digilentinc.com:zybo-z7-20:part0:1.0 available at F:/xilinx2018.3/Vivado/2018.3/data/boards/board_files/zybo-z7-20/A.0/board.xml as part xc7z020clg400-1 specified in board_part file is either invalid or not available
WARNING: [Board 49-26] cannot add Board Part digilentinc.com:zybo:part0:1.0 available at F:/xilinx2018.3/Vivado/2018.3/data/boards/board_files/zybo/B.3/board.xml as part xc7z010clg400-1 specified in board_part file is either invalid or not available
WARNING: [Board 49-26] cannot add Board Part digilentinc.com:arty-s7-25:part0:1.0 available at F:/xilinx2018.3/Vivado/2018.3/data/boards/board_files/arty-s7-25/E.0/board.xml as part xc7s25csga324-1 specified in board_part file is either invalid or not available
WARNING: [Board 49-26] cannot add Board Part digilentinc.com:arty-s7-50:part0:1.0 available at F:/xilinx2018.3/Vivado/2018.3/data/boards/board_files/arty-s7-50/B.0/board.xml as part xc7s50csga324-1 specified in board_part file is either invalid or not available
WARNING: [Board 49-26] cannot add Board Part digilentinc.com:arty-z7-10:part0:1.0 available at F:/xilinx2018.3/Vivado/2018.3/data/boards/board_files/arty-z7-10/A.0/board.xml as part xc7z010clg400-1 specified in board_part file is either invalid or not available
WARNING: [Board 49-26] cannot add Board Part digilentinc.com:arty-z7-20:part0:1.0 available at F:/xilinx2018.3/Vivado/2018.3/data/boards/board_files/arty-z7-20/A.0/board.xml as part xc7z020clg400-1 specified in board_part file is either invalid or not available
WARNING: [Board 49-26] cannot add Board Part digilentinc.com:cmod-s7-25:part0:1.0 available at F:/xilinx2018.3/Vivado/2018.3/data/boards/board_files/cmod-s7-25/B.0/board.xml as part xc7s25csga225-1 specified in board_part file is either invalid or not available
WARNING: [Board 49-26] cannot add Board Part digilentinc.com:cora-z7-07s:part0:1.0 available at F:/xilinx2018.3/Vivado/2018.3/data/boards/board_files/cora-z7-07s/B.0/board.xml as part xc7z007sclg400-1 specified in board_part file is either invalid or not available
WARNING: [Board 49-26] cannot add Board Part digilentinc.com:cora-z7-10:part0:1.0 available at F:/xilinx2018.3/Vivado/2018.3/data/boards/board_files/cora-z7-10/B.0/board.xml as part xc7z010clg400-1 specified in board_part file is either invalid or not available
WARNING: [Board 49-26] cannot add Board Part digilentinc.com:genesys2:part0:1.1 available at F:/xilinx2018.3/Vivado/2018.3/data/boards/board_files/genesys2/H/board.xml as part xc7k325tffg900-2 specified in board_part file is either invalid or not available
WARNING: [Board 49-26] cannot add Board Part digilentinc.com:sword:part0:1.0 available at F:/xilinx2018.3/Vivado/2018.3/data/boards/board_files/sword/C.0/board.xml as part xc7k325tffg900-2 specified in board_part file is either invalid or not available
WARNING: [Board 49-26] cannot add Board Part digilentinc.com:zedboard:part0:1.0 available at F:/xilinx2018.3/Vivado/2018.3/data/boards/board_files/zedboard/1.3/board.xml as part xc7z020clg484-1 specified in board_part file is either invalid or not available
WARNING: [Board 49-26] cannot add Board Part digilentinc.com:zybo-z7-10:part0:1.0 available at F:/xilinx2018.3/Vivado/2018.3/data/boards/board_files/zybo-z7-10/A.0/board.xml as part xc7z010clg400-1 specified in board_part file is either invalid or not available
WARNING: [Board 49-26] cannot add Board Part digilentinc.com:zybo-z7-20:part0:1.0 available at F:/xilinx2018.3/Vivado/2018.3/data/boards/board_files/zybo-z7-20/A.0/board.xml as part xc7z020clg400-1 specified in board_part file is either invalid or not available
WARNING: [Board 49-26] cannot add Board Part digilentinc.com:zybo:part0:1.0 available at F:/xilinx2018.3/Vivado/2018.3/data/boards/board_files/zybo/B.3/board.xml as part xc7z010clg400-1 specified in board_part file is either invalid or not available
WARNING: [Board 49-26] cannot add Board Part digilentinc.com:arty-s7-25:part0:1.0 available at F:/xilinx2018.3/Vivado/2018.3/data/boards/board_files/arty-s7-25/E.0/board.xml as part xc7s25csga324-1 specified in board_part file is either invalid or not available
WARNING: [Board 49-26] cannot add Board Part digilentinc.com:arty-s7-50:part0:1.0 available at F:/xilinx2018.3/Vivado/2018.3/data/boards/board_files/arty-s7-50/B.0/board.xml as part xc7s50csga324-1 specified in board_part file is either invalid or not available
WARNING: [Board 49-26] cannot add Board Part digilentinc.com:arty-z7-10:part0:1.0 available at F:/xilinx2018.3/Vivado/2018.3/data/boards/board_files/arty-z7-10/A.0/board.xml as part xc7z010clg400-1 specified in board_part file is either invalid or not available
WARNING: [Board 49-26] cannot add Board Part digilentinc.com:arty-z7-20:part0:1.0 available at F:/xilinx2018.3/Vivado/2018.3/data/boards/board_files/arty-z7-20/A.0/board.xml as part xc7z020clg400-1 specified in board_part file is either invalid or not available
WARNING: [Board 49-26] cannot add Board Part digilentinc.com:cmod-s7-25:part0:1.0 available at F:/xilinx2018.3/Vivado/2018.3/data/boards/board_files/cmod-s7-25/B.0/board.xml as part xc7s25csga225-1 specified in board_part file is either invalid or not available
WARNING: [Board 49-26] cannot add Board Part digilentinc.com:cora-z7-07s:part0:1.0 available at F:/xilinx2018.3/Vivado/2018.3/data/boards/board_files/cora-z7-07s/B.0/board.xml as part xc7z007sclg400-1 specified in board_part file is either invalid or not available
WARNING: [Board 49-26] cannot add Board Part digilentinc.com:cora-z7-10:part0:1.0 available at F:/xilinx2018.3/Vivado/2018.3/data/boards/board_files/cora-z7-10/B.0/board.xml as part xc7z010clg400-1 specified in board_part file is either invalid or not available
WARNING: [Board 49-26] cannot add Board Part digilentinc.com:genesys2:part0:1.1 available at F:/xilinx2018.3/Vivado/2018.3/data/boards/board_files/genesys2/H/board.xml as part xc7k325tffg900-2 specified in board_part file is either invalid or not available
WARNING: [Board 49-26] cannot add Board Part digilentinc.com:sword:part0:1.0 available at F:/xilinx2018.3/Vivado/2018.3/data/boards/board_files/sword/C.0/board.xml as part xc7k325tffg900-2 specified in board_part file is either invalid or not available
WARNING: [Board 49-26] cannot add Board Part digilentinc.com:zedboard:part0:1.0 available at F:/xilinx2018.3/Vivado/2018.3/data/boards/board_files/zedboard/1.3/board.xml as part xc7z020clg484-1 specified in board_part file is either invalid or not available
WARNING: [Board 49-26] cannot add Board Part digilentinc.com:zybo-z7-10:part0:1.0 available at F:/xilinx2018.3/Vivado/2018.3/data/boards/board_files/zybo-z7-10/A.0/board.xml as part xc7z010clg400-1 specified in board_part file is either invalid or not available
WARNING: [Board 49-26] cannot add Board Part digilentinc.com:zybo-z7-20:part0:1.0 available at F:/xilinx2018.3/Vivado/2018.3/data/boards/board_files/zybo-z7-20/A.0/board.xml as part xc7z020clg400-1 specified in board_part file is either invalid or not available
WARNING: [Board 49-26] cannot add Board Part digilentinc.com:zybo:part0:1.0 available at F:/xilinx2018.3/Vivado/2018.3/data/boards/board_files/zybo/B.3/board.xml as part xc7z010clg400-1 specified in board_part file is either invalid or not available
WARNING: [Board 49-26] cannot add Board Part digilentinc.com:arty-s7-25:part0:1.0 available at F:/xilinx2018.3/Vivado/2018.3/data/boards/board_files/arty-s7-25/E.0/board.xml as part xc7s25csga324-1 specified in board_part file is either invalid or not available
WARNING: [Board 49-26] cannot add Board Part digilentinc.com:arty-s7-50:part0:1.0 available at F:/xilinx2018.3/Vivado/2018.3/data/boards/board_files/arty-s7-50/B.0/board.xml as part xc7s50csga324-1 specified in board_part file is either invalid or not available
WARNING: [Board 49-26] cannot add Board Part digilentinc.com:arty-z7-10:part0:1.0 available at F:/xilinx2018.3/Vivado/2018.3/data/boards/board_files/arty-z7-10/A.0/board.xml as part xc7z010clg400-1 specified in board_part file is either invalid or not available
WARNING: [Board 49-26] cannot add Board Part digilentinc.com:arty-z7-20:part0:1.0 available at F:/xilinx2018.3/Vivado/2018.3/data/boards/board_files/arty-z7-20/A.0/board.xml as part xc7z020clg400-1 specified in board_part file is either invalid or not available
WARNING: [Board 49-26] cannot add Board Part digilentinc.com:cmod-s7-25:part0:1.0 available at F:/xilinx2018.3/Vivado/2018.3/data/boards/board_files/cmod-s7-25/B.0/board.xml as part xc7s25csga225-1 specified in board_part file is either invalid or not available
WARNING: [Board 49-26] cannot add Board Part digilentinc.com:cora-z7-07s:part0:1.0 available at F:/xilinx2018.3/Vivado/2018.3/data/boards/board_files/cora-z7-07s/B.0/board.xml as part xc7z007sclg400-1 specified in board_part file is either invalid or not available
WARNING: [Board 49-26] cannot add Board Part digilentinc.com:cora-z7-10:part0:1.0 available at F:/xilinx2018.3/Vivado/2018.3/data/boards/board_files/cora-z7-10/B.0/board.xml as part xc7z010clg400-1 specified in board_part file is either invalid or not available
WARNING: [Board 49-26] cannot add Board Part digilentinc.com:genesys2:part0:1.1 available at F:/xilinx2018.3/Vivado/2018.3/data/boards/board_files/genesys2/H/board.xml as part xc7k325tffg900-2 specified in board_part file is either invalid or not available
WARNING: [Board 49-26] cannot add Board Part digilentinc.com:sword:part0:1.0 available at F:/xilinx2018.3/Vivado/2018.3/data/boards/board_files/sword/C.0/board.xml as part xc7k325tffg900-2 specified in board_part file is either invalid or not available
WARNING: [Board 49-26] cannot add Board Part digilentinc.com:zedboard:part0:1.0 available at F:/xilinx2018.3/Vivado/2018.3/data/boards/board_files/zedboard/1.3/board.xml as part xc7z020clg484-1 specified in board_part file is either invalid or not available
WARNING: [Board 49-26] cannot add Board Part digilentinc.com:zybo-z7-10:part0:1.0 available at F:/xilinx2018.3/Vivado/2018.3/data/boards/board_files/zybo-z7-10/A.0/board.xml as part xc7z010clg400-1 specified in board_part file is either invalid or not available
WARNING: [Board 49-26] cannot add Board Part digilentinc.com:zybo-z7-20:part0:1.0 available at F:/xilinx2018.3/Vivado/2018.3/data/boards/board_files/zybo-z7-20/A.0/board.xml as part xc7z020clg400-1 specified in board_part file is either invalid or not available
WARNING: [Board 49-26] cannot add Board Part digilentinc.com:zybo:part0:1.0 available at F:/xilinx2018.3/Vivado/2018.3/data/boards/board_files/zybo/B.3/board.xml as part xc7z010clg400-1 specified in board_part file is either invalid or not available
WARNING: [Board 49-26] cannot add Board Part digilentinc.com:arty-s7-25:part0:1.0 available at F:/xilinx2018.3/Vivado/2018.3/data/boards/board_files/arty-s7-25/E.0/board.xml as part xc7s25csga324-1 specified in board_part file is either invalid or not available
WARNING: [Board 49-26] cannot add Board Part digilentinc.com:arty-s7-50:part0:1.0 available at F:/xilinx2018.3/Vivado/2018.3/data/boards/board_files/arty-s7-50/B.0/board.xml as part xc7s50csga324-1 specified in board_part file is either invalid or not available
WARNING: [Board 49-26] cannot add Board Part digilentinc.com:arty-z7-10:part0:1.0 available at F:/xilinx2018.3/Vivado/2018.3/data/boards/board_files/arty-z7-10/A.0/board.xml as part xc7z010clg400-1 specified in board_part file is either invalid or not available
WARNING: [Board 49-26] cannot add Board Part digilentinc.com:arty-z7-20:part0:1.0 available at F:/xilinx2018.3/Vivado/2018.3/data/boards/board_files/arty-z7-20/A.0/board.xml as part xc7z020clg400-1 specified in board_part file is either invalid or not available
WARNING: [Board 49-26] cannot add Board Part digilentinc.com:cmod-s7-25:part0:1.0 available at F:/xilinx2018.3/Vivado/2018.3/data/boards/board_files/cmod-s7-25/B.0/board.xml as part xc7s25csga225-1 specified in board_part file is either invalid or not available
WARNING: [Board 49-26] cannot add Board Part digilentinc.com:cora-z7-07s:part0:1.0 available at F:/xilinx2018.3/Vivado/2018.3/data/boards/board_files/cora-z7-07s/B.0/board.xml as part xc7z007sclg400-1 specified in board_part file is either invalid or not available
WARNING: [Board 49-26] cannot add Board Part digilentinc.com:cora-z7-10:part0:1.0 available at F:/xilinx2018.3/Vivado/2018.3/data/boards/board_files/cora-z7-10/B.0/board.xml as part xc7z010clg400-1 specified in board_part file is either invalid or not available
WARNING: [Board 49-26] cannot add Board Part digilentinc.com:genesys2:part0:1.1 available at F:/xilinx2018.3/Vivado/2018.3/data/boards/board_files/genesys2/H/board.xml as part xc7k325tffg900-2 specified in board_part file is either invalid or not available
WARNING: [Board 49-26] cannot add Board Part digilentinc.com:sword:part0:1.0 available at F:/xilinx2018.3/Vivado/2018.3/data/boards/board_files/sword/C.0/board.xml as part xc7k325tffg900-2 specified in board_part file is either invalid or not available
WARNING: [Board 49-26] cannot add Board Part digilentinc.com:zedboard:part0:1.0 available at F:/xilinx2018.3/Vivado/2018.3/data/boards/board_files/zedboard/1.3/board.xml as part xc7z020clg484-1 specified in board_part file is either invalid or not available
WARNING: [Board 49-26] cannot add Board Part digilentinc.com:zybo-z7-10:part0:1.0 available at F:/xilinx2018.3/Vivado/2018.3/data/boards/board_files/zybo-z7-10/A.0/board.xml as part xc7z010clg400-1 specified in board_part file is either invalid or not available
WARNING: [Board 49-26] cannot add Board Part digilentinc.com:zybo-z7-20:part0:1.0 available at F:/xilinx2018.3/Vivado/2018.3/data/boards/board_files/zybo-z7-20/A.0/board.xml as part xc7z020clg400-1 specified in board_part file is either invalid or not available
WARNING: [Board 49-26] cannot add Board Part digilentinc.com:zybo:part0:1.0 available at F:/xilinx2018.3/Vivado/2018.3/data/boards/board_files/zybo/B.3/board.xml as part xc7z010clg400-1 specified in board_part file is either invalid or not available
INFO: [IP_Flow 19-1686] Generating 'Change Log' target for IP 'glb_clk_src'...
catch { config_ip_cache -export [get_ips -all glb_clk_src] }
export_ip_user_files -of_objects [get_files {{C:/Users/KANG Jian/Desktop/color_filter_testing/ips/glb_clk_src/glb_clk_src.xci}}] -no_script -sync -force -quiet
reset_run glb_clk_src_synth_1
launch_runs -jobs 16 glb_clk_src_synth_1
[Mon Jul 22 18:24:33 2019] Launched glb_clk_src_synth_1...
Run output will be captured here: C:/Users/KANG Jian/Desktop/color_filter_testing/ips/managed_ip_project/managed_ip_project.runs/glb_clk_src_synth_1/runme.log
export_simulation -of_objects [get_files {{C:/Users/KANG Jian/Desktop/color_filter_testing/ips/glb_clk_src/glb_clk_src.xci}}] -directory {C:/Users/KANG Jian/Desktop/color_filter_testing/ips/ip_user_files/sim_scripts} -ip_user_files_dir {C:/Users/KANG Jian/Desktop/color_filter_testing/ips/ip_user_files} -ipstatic_source_dir {C:/Users/KANG Jian/Desktop/color_filter_testing/ips/ip_user_files/ipstatic} -lib_map_path [list {modelsim=C:/Users/KANG Jian/Desktop/color_filter_testing/ips/managed_ip_project/managed_ip_project.cache/compile_simlib/modelsim} {questa=C:/Users/KANG Jian/Desktop/color_filter_testing/ips/managed_ip_project/managed_ip_project.cache/compile_simlib/questa} {riviera=C:/Users/KANG Jian/Desktop/color_filter_testing/ips/managed_ip_project/managed_ip_project.cache/compile_simlib/riviera} {activehdl=C:/Users/KANG Jian/Desktop/color_filter_testing/ips/managed_ip_project/managed_ip_project.cache/compile_simlib/activehdl}] -use_ip_compiled_libs -force -quiet
set_property -dict [list CONFIG.CLKOUT2_USED {true} CONFIG.MMCM_DIVCLK_DIVIDE {1} CONFIG.MMCM_CLKOUT1_DIVIDE {12} CONFIG.NUM_OUT_CLKS {2}] [get_ips glb_clk_src]
generate_target all [get_files  {{C:/Users/KANG Jian/Desktop/color_filter_testing/ips/glb_clk_src/glb_clk_src.xci}}]
INFO: [IP_Flow 19-1686] Generating 'Instantiation Template' target for IP 'glb_clk_src'...
INFO: [IP_Flow 19-1686] Generating 'Synthesis' target for IP 'glb_clk_src'...
INFO: [IP_Flow 19-1686] Generating 'Simulation' target for IP 'glb_clk_src'...
INFO: [IP_Flow 19-1686] Generating 'Implementation' target for IP 'glb_clk_src'...
WARNING: [Board 49-26] cannot add Board Part digilentinc.com:arty-s7-25:part0:1.0 available at F:/xilinx2018.3/Vivado/2018.3/data/boards/board_files/arty-s7-25/E.0/board.xml as part xc7s25csga324-1 specified in board_part file is either invalid or not available
WARNING: [Board 49-26] cannot add Board Part digilentinc.com:arty-s7-50:part0:1.0 available at F:/xilinx2018.3/Vivado/2018.3/data/boards/board_files/arty-s7-50/B.0/board.xml as part xc7s50csga324-1 specified in board_part file is either invalid or not available
WARNING: [Board 49-26] cannot add Board Part digilentinc.com:arty-z7-10:part0:1.0 available at F:/xilinx2018.3/Vivado/2018.3/data/boards/board_files/arty-z7-10/A.0/board.xml as part xc7z010clg400-1 specified in board_part file is either invalid or not available
WARNING: [Board 49-26] cannot add Board Part digilentinc.com:arty-z7-20:part0:1.0 available at F:/xilinx2018.3/Vivado/2018.3/data/boards/board_files/arty-z7-20/A.0/board.xml as part xc7z020clg400-1 specified in board_part file is either invalid or not available
WARNING: [Board 49-26] cannot add Board Part digilentinc.com:cmod-s7-25:part0:1.0 available at F:/xilinx2018.3/Vivado/2018.3/data/boards/board_files/cmod-s7-25/B.0/board.xml as part xc7s25csga225-1 specified in board_part file is either invalid or not available
WARNING: [Board 49-26] cannot add Board Part digilentinc.com:cora-z7-07s:part0:1.0 available at F:/xilinx2018.3/Vivado/2018.3/data/boards/board_files/cora-z7-07s/B.0/board.xml as part xc7z007sclg400-1 specified in board_part file is either invalid or not available
WARNING: [Board 49-26] cannot add Board Part digilentinc.com:cora-z7-10:part0:1.0 available at F:/xilinx2018.3/Vivado/2018.3/data/boards/board_files/cora-z7-10/B.0/board.xml as part xc7z010clg400-1 specified in board_part file is either invalid or not available
WARNING: [Board 49-26] cannot add Board Part digilentinc.com:genesys2:part0:1.1 available at F:/xilinx2018.3/Vivado/2018.3/data/boards/board_files/genesys2/H/board.xml as part xc7k325tffg900-2 specified in board_part file is either invalid or not available
WARNING: [Board 49-26] cannot add Board Part digilentinc.com:sword:part0:1.0 available at F:/xilinx2018.3/Vivado/2018.3/data/boards/board_files/sword/C.0/board.xml as part xc7k325tffg900-2 specified in board_part file is either invalid or not available
WARNING: [Board 49-26] cannot add Board Part digilentinc.com:zedboard:part0:1.0 available at F:/xilinx2018.3/Vivado/2018.3/data/boards/board_files/zedboard/1.3/board.xml as part xc7z020clg484-1 specified in board_part file is either invalid or not available
WARNING: [Board 49-26] cannot add Board Part digilentinc.com:zybo-z7-10:part0:1.0 available at F:/xilinx2018.3/Vivado/2018.3/data/boards/board_files/zybo-z7-10/A.0/board.xml as part xc7z010clg400-1 specified in board_part file is either invalid or not available
WARNING: [Board 49-26] cannot add Board Part digilentinc.com:zybo-z7-20:part0:1.0 available at F:/xilinx2018.3/Vivado/2018.3/data/boards/board_files/zybo-z7-20/A.0/board.xml as part xc7z020clg400-1 specified in board_part file is either invalid or not available
WARNING: [Board 49-26] cannot add Board Part digilentinc.com:zybo:part0:1.0 available at F:/xilinx2018.3/Vivado/2018.3/data/boards/board_files/zybo/B.3/board.xml as part xc7z010clg400-1 specified in board_part file is either invalid or not available
WARNING: [Board 49-26] cannot add Board Part digilentinc.com:arty-s7-25:part0:1.0 available at F:/xilinx2018.3/Vivado/2018.3/data/boards/board_files/arty-s7-25/E.0/board.xml as part xc7s25csga324-1 specified in board_part file is either invalid or not available
WARNING: [Board 49-26] cannot add Board Part digilentinc.com:arty-s7-50:part0:1.0 available at F:/xilinx2018.3/Vivado/2018.3/data/boards/board_files/arty-s7-50/B.0/board.xml as part xc7s50csga324-1 specified in board_part file is either invalid or not available
WARNING: [Board 49-26] cannot add Board Part digilentinc.com:arty-z7-10:part0:1.0 available at F:/xilinx2018.3/Vivado/2018.3/data/boards/board_files/arty-z7-10/A.0/board.xml as part xc7z010clg400-1 specified in board_part file is either invalid or not available
WARNING: [Board 49-26] cannot add Board Part digilentinc.com:arty-z7-20:part0:1.0 available at F:/xilinx2018.3/Vivado/2018.3/data/boards/board_files/arty-z7-20/A.0/board.xml as part xc7z020clg400-1 specified in board_part file is either invalid or not available
WARNING: [Board 49-26] cannot add Board Part digilentinc.com:cmod-s7-25:part0:1.0 available at F:/xilinx2018.3/Vivado/2018.3/data/boards/board_files/cmod-s7-25/B.0/board.xml as part xc7s25csga225-1 specified in board_part file is either invalid or not available
WARNING: [Board 49-26] cannot add Board Part digilentinc.com:cora-z7-07s:part0:1.0 available at F:/xilinx2018.3/Vivado/2018.3/data/boards/board_files/cora-z7-07s/B.0/board.xml as part xc7z007sclg400-1 specified in board_part file is either invalid or not available
WARNING: [Board 49-26] cannot add Board Part digilentinc.com:cora-z7-10:part0:1.0 available at F:/xilinx2018.3/Vivado/2018.3/data/boards/board_files/cora-z7-10/B.0/board.xml as part xc7z010clg400-1 specified in board_part file is either invalid or not available
WARNING: [Board 49-26] cannot add Board Part digilentinc.com:genesys2:part0:1.1 available at F:/xilinx2018.3/Vivado/2018.3/data/boards/board_files/genesys2/H/board.xml as part xc7k325tffg900-2 specified in board_part file is either invalid or not available
WARNING: [Board 49-26] cannot add Board Part digilentinc.com:sword:part0:1.0 available at F:/xilinx2018.3/Vivado/2018.3/data/boards/board_files/sword/C.0/board.xml as part xc7k325tffg900-2 specified in board_part file is either invalid or not available
INFO: [Common 17-14] Message 'Board 49-26' appears 100 times and further instances of the messages will be disabled. Use the Tcl command set_msg_config to change the current settings.
INFO: [IP_Flow 19-1686] Generating 'Change Log' target for IP 'glb_clk_src'...
catch { config_ip_cache -export [get_ips -all glb_clk_src] }
INFO: [IP_Flow 19-4993] Using cached IP synthesis design for IP glb_clk_src, cache-ID = 1ce6fc3769316274; cache size = 0.412 MB.
catch { [ delete_ip_run [get_ips -all glb_clk_src] ] }
INFO: [Project 1-386] Moving file 'C:/Users/KANG Jian/Desktop/color_filter_testing/ips/glb_clk_src/glb_clk_src.xci' from fileset 'glb_clk_src' to fileset 'sources_1'.
export_ip_user_files -of_objects [get_files {{C:/Users/KANG Jian/Desktop/color_filter_testing/ips/glb_clk_src/glb_clk_src.xci}}] -no_script -sync -force -quiet
create_ip_run [get_files -of_objects [get_fileset sources_1] {{C:/Users/KANG Jian/Desktop/color_filter_testing/ips/glb_clk_src/glb_clk_src.xci}}]
INFO: [Vivado 12-3453] The given sub-design is up-to-date, no action was taken.  If a run is still desired, use the '-force' option for the file:'C:/Users/KANG Jian/Desktop/color_filter_testing/ips/glb_clk_src/glb_clk_src.xci'
export_simulation -of_objects [get_files {{C:/Users/KANG Jian/Desktop/color_filter_testing/ips/glb_clk_src/glb_clk_src.xci}}] -directory {C:/Users/KANG Jian/Desktop/color_filter_testing/ips/ip_user_files/sim_scripts} -ip_user_files_dir {C:/Users/KANG Jian/Desktop/color_filter_testing/ips/ip_user_files} -ipstatic_source_dir {C:/Users/KANG Jian/Desktop/color_filter_testing/ips/ip_user_files/ipstatic} -lib_map_path [list {modelsim=C:/Users/KANG Jian/Desktop/color_filter_testing/ips/managed_ip_project/managed_ip_project.cache/compile_simlib/modelsim} {questa=C:/Users/KANG Jian/Desktop/color_filter_testing/ips/managed_ip_project/managed_ip_project.cache/compile_simlib/questa} {riviera=C:/Users/KANG Jian/Desktop/color_filter_testing/ips/managed_ip_project/managed_ip_project.cache/compile_simlib/riviera} {activehdl=C:/Users/KANG Jian/Desktop/color_filter_testing/ips/managed_ip_project/managed_ip_project.cache/compile_simlib/activehdl}] -use_ip_compiled_libs -force -quiet
exit
INFO: [Common 17-206] Exiting Vivado at Mon Jul 22 18:43:53 2019...
